---
<Event xmlns='http://schemas.microsoft.com/win/2004/08/events/event'><System><Provider Name='Microsoft-Windows-Security-Auditing' Guid='{54849625-5478-4994-A5BA-3E3B0328C30D}' /><EventID>4625</EventID><Version>0</Version><Level>0</Level><Task>12544</Task><Opcode>0</Opcode><Keywords>0x8010000000000000</Keywords><TimeCreated SystemTime='2012-03-25T17:12:36.848116500Z' /><EventRecordID>1657124</EventRecordID><Correlation /><Execution ProcessID='544' ThreadID='6616' /><Channel>Security</Channel><Computer>69-64-65-123</Computer><Security /></System><EventData><Data Name='SubjectUserSid'>S-1-5-18</Data><Data Name='SubjectUserName'>69-64-65-123$</Data><Data Name='SubjectDomainName'>WORKGROUP</Data><Data Name='SubjectLogonId'>0x3e7</Data><Data Name='TargetUserSid'>S-1-0-0</Data><Data Name='TargetUserName'>forex</Data><Data Name='TargetDomainName'>69-64-65-123</Data><Data Name='Status'>0xc000006d</Data><Data Name='FailureReason'>%%2313</Data><Data Name='SubStatus'>0xc0000064</Data><Data Name='LogonType'>10</Data><Data Name='LogonProcessName'>User32 </Data><Data Name='AuthenticationPackageName'>Negotiate</Data><Data Name='WorkstationName'>69-64-65-123</Data><Data Name='TransmittedServices'>-</Data><Data Name='LmPackageName'>-</Data><Data Name='KeyLength'>0</Data><Data Name='ProcessId'>0x2e40</Data><Data Name='ProcessName'>C:\Windows\System32\winlogon.exe</Data><Data Name='IpAddress'>99.99.99.99</Data><Data Name='IpPort'>52813</Data></EventData></Event>
99.99.99.99
forex
RDP
FailedLogin
---
<Event xmlns='http://schemas.microsoft.com/win/2004/08/events/event'><System><Provider Name='Microsoft-Windows-Security-Auditing' Guid='{54849625-5478-4994-A5BA-3E3B0328C30D}' /><EventID>4625</EventID><Version>0</Version><Level>0</Level><Task>12544</Task><Opcode>0</Opcode><Keywords>0x8010000000000000</Keywords><TimeCreated SystemTime='2012-03-25T17:12:36.848116500Z' /><EventRecordID>1657124</EventRecordID><Correlation /><Execution ProcessID='544' ThreadID='6616' /><Channel>Security</Channel><Computer>69-64-65-123</Computer><Security /></System><EventData><Data Name='SubjectUserSid'>S-1-5-18</Data><Data Name='SubjectUserName'>69-64-65-123$</Data><Data Name='SubjectDomainName'>WORKGROUP</Data><Data Name='SubjectLogonId'>0x3e7</Data><Data Name='TargetUserSid'>S-1-0-0</Data><Data Name='TargetUserName'>forex</Data><Data Name='TargetDomainName'>69-64-65-123</Data><Data Name='Status'>0xc000006d</Data><Data Name='FailureReason'>%%2313</Data><Data Name='SubStatus'>0xc0000064</Data><Data Name='LogonType'>10</Data><Data Name='LogonProcessName'>User32 </Data><Data Name='AuthenticationPackageName'>Negotiate</Data><Data Name='WorkstationName'>69-64-65-123</Data><Data Name='TransmittedServices'>-</Data><Data Name='LmPackageName'>-</Data><Data Name='KeyLength'>0</Data><Data Name='ProcessId'>0x2e40</Data><Data Name='ProcessName'>C:\Windows\System32\winlogon.exe</Data><Data Name='IpAddress'>3.4.5.6</Data><Data Name='IpPort'>52813</Data></EventData></Event>
3.4.5.6
forex
RDP
FailedLogin
---
<Event xmlns='http://schemas.microsoft.com/win/2004/08/events/event'><System><Provider Name='MSSQLSERVER'/><EventID Qualifiers='49152'>18456</EventID><Level>0</Level><Task>4</Task><Keywords>0x90000000000000</Keywords><TimeCreated SystemTime='2012-04-05T20:26:30.000000000Z'/><EventRecordID>408488</EventRecordID><Channel>Application</Channel><Computer>dallas</Computer><Security/></System><EventData><Data>sa1</Data><Data> Reason: Could not find a login matching the name provided.</Data><Data> [CLIENT: 99.99.99.100]</Data><Binary>184800000E00000007000000440041004C004C00410053000000070000006D00610073007400650072000000</Binary></EventData></Event>
99.99.99.100
sa1
MSSQL
FailedLogin
---
<Event xmlns='http://schemas.microsoft.com/win/2004/08/events/event'><System><Provider Name='MSSQLSERVER' /><EventID Qualifiers='49152'>18456</EventID><Level>0</Level><Task>4</Task><Keywords>0x90000000000000</Keywords><TimeCreated SystemTime='2020-06-03T18:29:05.369181500Z' /><EventRecordID>303418</EventRecordID><Channel>Application</Channel><Computer>MYDOMAIN.MYDOMAINHOST.local</Computer><Security /></System><EventData><Data>sa</Data><Data>Reason: An error occurred while evaluating the password.</Data><Data>[CLIENT: 155.155.155.155]</Data><Binary>184800000E0000000B0000004200540043004F005200440042003000310030000000070000006D00610073007400650072000000</Binary></EventData></Event>
155.155.155.155
sa
MSSQL
FailedLogin
---
<Event xmlns='http://schemas.microsoft.com/win/2004/08/events/event'><System><Provider Name='MSSQLSERVER'/><EventID Qualifiers='49152'>18456</EventID><Level>0</Level><Task>4</Task><Keywords>0x90000000000000</Keywords><TimeCreated SystemTime='2012-04-05T20:26:30.000000000Z'/><EventRecordID>408488</EventRecordID><Channel>Application</Channel><Computer>dallas</Computer><Security/></System><EventData><Data>sa1</Data><Data> Reason: Could not find a login matching the name provided.</Data><Data> [CLIENT: 2.3.4.5]</Data><Binary>184800000E00000007000000440041004C004C00410053000000070000006D00610073007400650072000000</Binary></EventData></Event>
2.3.4.5
sa1
MSSQL
FailedLogin
---
<Event xmlns='http://schemas.microsoft.com/win/2004/08/events/event'><System><Provider Name='Microsoft-Windows-Security-Auditing' Guid='{54849625-5478-4994-A5BA-3E3B0328C30D}' /><EventID>4625</EventID><Version>0</Version><Level>0</Level><Task>12544</Task><Opcode>0</Opcode><Keywords>0x8010000000000000</Keywords><TimeCreated SystemTime='2012-03-25T17:12:36.848116500Z' /><EventRecordID>1657124</EventRecordID><Correlation /><Execution ProcessID='544' ThreadID='6616' /><Channel>Security</Channel><Computer>69-64-65-123</Computer><Security /></System><EventData><Data Name='SubjectUserSid'>S-1-5-18</Data><Data Name='SubjectUserName'>69-64-65-123$</Data><Data Name='SubjectDomainName'>WORKGROUP</Data><Data Name='SubjectLogonId'>0x3e7</Data><Data Name='TargetUserSid'>S-1-0-0</Data><Data Name='TargetUserName'>forex</Data><Data Name='TargetDomainName'>69-64-65-123</Data><Data Name='Status'>0xc000006d</Data><Data Name='FailureReason'>%%2313</Data><Data Name='SubStatus'>0xc0000064</Data><Data Name='LogonType'>10</Data><Data Name='LogonProcessName'>User32 </Data><Data Name='AuthenticationPackageName'>Negotiate</Data><Data Name='WorkstationName'>69-64-65-123</Data><Data Name='TransmittedServices'>-</Data><Data Name='LmPackageName'>-</Data><Data Name='KeyLength'>0</Data><Data Name='ProcessId'>0x2e40</Data><Data Name='ProcessName'>C:\Windows\System32\winlogon.exe</Data><Data Name='IpAddress'>99.99.99.98</Data><Data Name='IpPort'>52813</Data></EventData></Event>
99.99.99.98
forex
RDP
FailedLogin
---
<Event xmlns='http://schemas.microsoft.com/win/2004/08/events/event'><System><Provider Name='Microsoft-Windows-Security-Auditing' Guid='{54849625-5478-4994-A5BA-3E3B0328C30D}'/><EventID>4625</EventID><Version>0</Version><Level>0</Level><Task>12809</Task><Opcode>0</Opcode><Keywords>0x8010000000000001</Keywords><TimeCreated SystemTime='2013-07-24T11:24:51.369052700Z'/><EventRecordID>4910770</EventRecordID><Correlation/><Execution ProcessID='4' ThreadID='88'/><Channel>Security</Channel><Computer>MYCOMPUTER</Computer><Security/></System><EventData><Data Name='ProcessId'>2788</Data><Data Name='Application'>\device\harddiskvolume2\program files (x86)\rhinosoft.com\serv-u\servudaemon.exe</Data><Data Name='Direction'>%%14592</Data><Data Name='SourceAddress'>37.235.53.240</Data><Data Name='SourcePort'>39058</Data><Data Name='DestAddress'>196.22.190.31</Data><Data Name='DestPort'>21</Data><Data Name='Protocol'>6</Data><Data Name='FilterRTID'>780480</Data><Data Name='LayerName'>%%14610</Data><Data Name='LayerRTID'>44</Data></EventData></Event>
x
x
x
None
---
<Event xmlns='http://schemas.microsoft.com/win/2004/08/events/event'><System><Provider Name='MSSQLSERVER'/><EventID Qualifiers='49152'>18456</EventID><Level>0</Level><Task>4</Task><Keywords>0x90000000000000</Keywords><TimeCreated SystemTime='2014-08-25T09:11:06.000000000Z'/><EventRecordID>116411121</EventRecordID><Channel>Application</Channel><Computer>s16240956</Computer><Security/></System><EventData><Data>sa</Data><Data> Raison : impossible de trouver une connexion correspondant au nom fourni.</Data><Data> [CLIENT : 218.10.17.192]</Data><Binary>184800000E0000000A0000005300310036003200340030003900350036000000070000006D00610073007400650072000000</Binary></EventData></Event>
218.10.17.192
sa
MSSQL
FailedLogin
---
<Event xmlns='http://schemas.microsoft.com/win/2004/08/events/event'><System><Provider Name='MSExchangeTransport' /><EventID Qualifiers='32772'>1035</EventID><Level>3</Level><Task>1</Task><Keywords>0x80000000000000</Keywords><TimeCreated SystemTime='2015-06-08T08:13:12.000000000Z' /><EventRecordID>667364</EventRecordID><Channel>Application</Channel><Computer>DC.sicoir.local</Computer><Security /></System><EventData><Data>LogonDenied</Data><Data>Default DC</Data><Data>Ntlm</Data><Data>212.48.88.133</Data></EventData></Event>
212.48.88.133
[nouser]
MSExchange
FailedLogin
---
<Event xmlns='http://schemas.microsoft.com/win/2004/08/events/event'><System><Provider Name='MSSQLSERVER' /><EventID Qualifiers='49152'>18456</EventID><Level>0</Level><Task>4</Task><Keywords>0x90000000000000</Keywords><TimeCreated SystemTime='2015-09-10T14:20:42.000000000Z' /><EventRecordID>4439286</EventRecordID><Channel>Application</Channel><Computer>DSVR018379</Computer><Security /></System><EventData><Data>sa</Data><Data>Reason: Password did not match that for the login provided.</Data><Data>[CLIENT: 222.186.61.16]</Data><Binary>184800000E0000000B00000044005300560052003000310038003300370039000000070000006D00610073007400650072000000</Binary></EventData></Event>
222.186.61.16
sa
MSSQL
FailedLogin
---
<Event xmlns='http://schemas.microsoft.com/win/2004/08/events/event'><System><Provider Name='Microsoft-Windows-Security-Auditing' Guid='{54849625-5478-4994-A5BA-3E3B0328C30D}' /><EventID>4625</EventID><Version>0</Version><Level>0</Level><Task>12544</Task><Opcode>0</Opcode><Keywords>0x8010000000000000</Keywords><TimeCreated SystemTime='2017-08-09T11:06:11.486303500Z' /><EventRecordID>17925</EventRecordID><Correlation ActivityID='{A7FB7D60-01E0-0000-877D-FBA7E001D301}' /><Execution ProcessID='648' ThreadID='972' /><Channel>Security</Channel><Computer>DESKTOP-N8QJFLU</Computer><Security /></System><EventData><Data Name='SubjectUserSid'>S-1-0-0</Data><Data Name='SubjectUserName'>-</Data><Data Name='SubjectDomainName'>-</Data><Data Name='SubjectLogonId'>0x0</Data><Data Name='TargetUserSid'>S-1-0-0</Data><Data Name='TargetUserName'>steven.universe</Data><Data Name='TargetDomainName'>VENOM</Data><Data Name='Status'>0xc000006d</Data><Data Name='FailureReason'>%%2313</Data><Data Name='SubStatus'>0xc0000064</Data><Data Name='LogonType'>3</Data><Data Name='LogonProcessName'>NtLmSsp</Data><Data Name='AuthenticationPackageName'>NTLM</Data><Data Name='WorkstationName'>SP-W7-PC</Data><Data Name='TransmittedServices'>-</Data><Data Name='LmPackageName'>-</Data><Data Name='KeyLength'>0</Data><Data Name='ProcessId'>0x0</Data><Data Name='ProcessName'>-</Data><Data Name='IpAddress'>37.191.115.2</Data><Data Name='IpPort'>0</Data></EventData></Event>
37.191.115.2
steven.universe
RDP
FailedLogin
---
<Event xmlns='http://schemas.microsoft.com/win/2004/08/events/event'><System><Provider Name='Microsoft-Windows-RemoteDesktopServices-RdpCoreTS' Guid='{1139C61B-B549-4251-8ED3-27250A1EDEC8}' /><EventID>140</EventID><Version>0</Version><Level>3</Level><Task>4</Task><Opcode>14</Opcode><Keywords>0x4000000000000000</Keywords><TimeCreated SystemTime='2016-11-13T11:52:25.314996400Z' /><EventRecordID>1683867</EventRecordID><Correlation ActivityID='{F4204608-FB58-4924-A3D9-B8A1B0870000}' /><Execution ProcessID='2920' ThreadID='4104' /><Channel>Microsoft-Windows-RemoteDesktopServices-RdpCoreTS/Operational</Channel><Computer>SERVER</Computer><Security UserID='S-1-5-20' /></System><EventData><Data Name='IPString'>1.2.3.4</Data></EventData></Event>
1.2.3.4
[nouser]
RDP
FailedLogin
---
<Event xmlns='http://schemas.microsoft.com/win/2004/08/events/event'><System><Provider Name='MSSQLSERVER' /><EventID Qualifiers='49152'>18456</EventID><Level>0</Level><Task>4</Task><Keywords>0x90000000000000</Keywords><TimeCreated SystemTime='2017-11-25T02:03:39.164598300Z' /><EventRecordID>19044</EventRecordID><Channel>Application</Channel><Computer>srv01</Computer><Security /></System><EventData><Data>sa</Data><Data>Raison : le mot de passe ne correspond pas à la connexion spécifiée.</Data><Data> [CLIENT : 196.65.47.84]</Data><Binary>184800000E0000000D00000053004500520056004500550052002D0043004F004E0047000000070000006D00610073007400650072000000</Binary></EventData></Event>
196.65.47.84
sa
MSSQL
FailedLogin
---
<Event xmlns='http://schemas.microsoft.com/win/2004/08/events/event'><System><Provider Name='OpenSSH' Guid='{C4B57D35-0636-4BC3-A262-370F249F9802}' /><EventID>4</EventID><Version>0</Version><Level>4</Level><Task>0</Task><Opcode>0</Opcode><Keywords>0x4000000000000000</Keywords><TimeCreated SystemTime='2018-07-23T09:21:59.867239200Z' /><EventRecordID>1369</EventRecordID><Correlation /><Execution ProcessID='7964' ThreadID='696' /><Channel>OpenSSH/Operational</Channel><Computer>ns524406</Computer><Security UserID='S-1-5-18' /></System><EventData><Data Name='process'>sshd</Data><Data Name='payload'>Connection closed by 185.222.211.58 port 49448 [preauth]</Data></EventData></Event>
185.222.211.58
[nouser]
SSH
FailedLogin
---
<Event xmlns='http://schemas.microsoft.com/win/2004/08/events/event'><System><Provider Name='OpenSSH' Guid='{C4B57D35-0636-4BC3-A262-370F249F9802}' /><EventID>4</EventID><Version>0</Version><Level>4</Level><Task>0</Task><Opcode>0</Opcode><Keywords>0x4000000000000000</Keywords><TimeCreated SystemTime='2019-03-26T00:58:31.360472700Z' /><EventRecordID>247502</EventRecordID><Correlation /><Execution ProcessID='4944' ThreadID='6160' /><Channel>OpenSSH/Operational</Channel><Computer>ns524406</Computer><Security UserID='S-1-5-18' /></System><EventData><Data Name='process'>sshd</Data><Data Name='payload'>Accepted password for success_user from 88.88.88.88 port 12345 ssh2 </Data></EventData></Event>
88.88.88.88
success_user
SSH
SuccessfulLogin
---
<Event xmlns='http://schemas.microsoft.com/win/2004/08/events/event'><System><Provider Name='OpenSSH' Guid='{C4B57D35-0636-4BC3-A262-370F249F9802}' /><EventID>4</EventID><Version>0</Version><Level>4</Level><Task>0</Task><Opcode>0</Opcode><Keywords>0x4000000000000000</Keywords><TimeCreated SystemTime='2019-04-13T10:03:30.415041300Z' /><EventRecordID>257875</EventRecordID><Correlation /><Execution ProcessID='5424' ThreadID='6272' /><Channel>OpenSSH/Operational</Channel><Computer>ns524406</Computer><Security UserID='S-1-5-18' /></System><EventData><Data Name='process'>sshd</Data><Data Name='payload'>Failed password for invalid user root from 192.169.217.183 port 43716 ssh2</Data></EventData></Event>
192.169.217.183
root
SSH
FailedLogin
---
<Event xmlns='http://schemas.microsoft.com/win/2004/08/events/event'><System><Provider Name='OpenSSH' Guid='{C4B57D35-0636-4BC3-A262-370F249F9802}' /><EventID>4</EventID><Version>0</Version><Level>4</Level><Task>0</Task><Opcode>0</Opcode><Keywords>0x4000000000000000</Keywords><TimeCreated SystemTime='2018-07-23T09:21:59.867239200Z' /><EventRecordID>1369</EventRecordID><Correlation /><Execution ProcessID='7964' ThreadID='696' /><Channel>OpenSSH/Operational</Channel><Computer>ns524406</Computer><Security UserID='S-1-5-18' /></System><EventData><Data Name='process'>sshd</Data><Data Name='payload'>Did not receive identification string from 70.91.222.121</Data></EventData></Event>
70.91.222.121
[nouser]
SSH
FailedLogin
---
<Event xmlns='http://schemas.microsoft.com/win/2004/08/events/event'><System><Provider Name='OpenSSH' Guid='{C4B57D35-0636-4BC3-A262-370F249F9802}' /><EventID>4</EventID><Version>0</Version><Level>4</Level><Task>0</Task><Opcode>0</Opcode><Keywords>0x4000000000000000</Keywords><TimeCreated SystemTime='2018-07-23T09:21:59.867239200Z' /><EventRecordID>1369</EventRecordID><Correlation /><Execution ProcessID='7964' ThreadID='696' /><Channel>OpenSSH/Operational</Channel><Computer>ns524406</Computer><Security UserID='S-1-5-18' /></System><EventData><Data Name='process'>sshd</Data><Data Name='payload'>Disconnected from 188.166.71.236 port 44510 [preauth]</Data></EventData></Event>
188.166.71.236
[nouser]
SSH
FailedLogin
---
<Event xmlns='http://schemas.microsoft.com/win/2004/08/events/event'><System><Provider Name='tvnserver' /><EventID Qualifiers='2'>258</EventID><Level>3</Level><Task>0</Task><Keywords>0x80000000000000</Keywords><TimeCreated SystemTime='2019-05-14T14:22:32.337254800Z' /><EventRecordID>9961</EventRecordID><Channel>Application</Channel><Computer>MyCPU</Computer><Security /></System><EventData><Data>Authentication failed from 104.248.243.148</Data></EventData></Event>
104.248.243.148
[nouser]
VNC
FailedLogin
---
<Event xmlns='http://schemas.microsoft.com/win/2004/08/events/event'><System><Provider Name='tvnserver' /><EventID Qualifiers='2'>257</EventID><Level>3</Level><Task>0</Task><Keywords>0x80000000000000</Keywords><TimeCreated SystemTime='2019-05-14T14:22:32.337254800Z' /><EventRecordID>9961</EventRecordID><Channel>Application</Channel><Computer>MyCPU</Computer><Security /></System><EventData><Data>Authentication passed by 24.42.43.14</Data></EventData></Event>
24.42.43.14
[nouser]
VNC
SuccessfulLogin
---
# https://github.com/DigitalRuby/IPBan/issues/65
<Event xmlns='http://schemas.microsoft.com/win/2004/08/events/event'><System><Provider Name='MSSQLSERVER'/><EventID Qualifiers='49152'>18456</EventID><Level>0</Level><Task>4</Task><Keywords>0x90000000000000</Keywords><TimeCreated SystemTime='2019-10-03T14:58:10.000000000Z'/><EventRecordID>252736</EventRecordID><Channel>Application</Channel><Computer>MyComputer</Computer><Security/></System><EventData><Data>U$er_Name,To Be-Found !</Data><Data> Raison : impossible de trouver une connexion correspondant au nom fourni.</Data><Data> [CLIENT : 11.20.30.40]</Data><Binary>184800000E000000090000004E0053003500320034003400300036000000070000006D00610073007400650072000000</Binary></EventData></Event>
11.20.30.40
U$er_Name,To Be-Found !
MSSQL
FailedLogin
---
<Event xmlns='http://schemas.microsoft.com/win/2004/08/events/event'><System><Provider Name='MSSQL$SQLEXPRESS'/><EventID Qualifiers='49152'>18456</EventID><Level>0</Level><Task>4</Task><Keywords>0x90000000000000</Keywords><TimeCreated SystemTime='2019-10-09T13:49:38.389639000Z'/><EventRecordID>599309</EventRecordID><Channel>Application</Channel><Computer>MyComputer</Computer><Security/></System><EventData><Data>sa</Data><Data> Raison : le mot de passe ne correspond pas à la connexion spécifiée.</Data><Data> [CLIENT : 11.0.0.1]</Data><Binary>184800000E000000090000004E0053003500320034003400300036000000070000006D00610073007400650072000000</Binary></EventData></Event>
11.0.0.1
sa
MSSQL
FailedLogin
---
<Event xmlns="http://schemas.microsoft.com/win/2004/08/events/event"><System><Provider Name="OpenSSH" Guid="{c4b57d35-0636-4bc3-a262-370f249f9802}" /><EventID>4</EventID><Version>0</Version><Level>4</Level><Task>0</Task><Opcode>0</Opcode><Keywords>0x4000000000000000</Keywords><TimeCreated SystemTime="2022-06-01T14:23:59.442085500Z" /><EventRecordID>2509</EventRecordID><Correlation /><Execution ProcessID="2804" ThreadID="6484" /><Channel>OpenSSH/Operational</Channel><Computer>CFFT-WMS.CFFT.local</Computer><Security UserID="S-1-5-18" /></System><EventData><Data Name="process">sshd</Data><Data Name="payload">Failed password for invalid user testuser from 88.22.22.22 port 15365 ssh2</Data></EventData></Event>
88.22.22.22
testuser
SSH
FailedLogin
---
<Event xmlns="http://schemas.microsoft.com/win/2004/08/events/event"><System><Provider Name="MSSQL$DATABASE" /><EventID Qualifiers="16384">18454</EventID><Level>0</Level><Task>4</Task><Keywords>0xa0000000000000</Keywords><TimeCreated SystemTime="2022-10-06T08:36:24.395396200Z" /><EventRecordID>51773</EventRecordID><Channel>Application</Channel><Computer>COMPUTER</Computer><Security /></System><EventData><Data>USERNAME</Data><Data>[CLIENT: 54.52.50.48]</Data><Binary>164800000A0000001700000056004600430054004900540041004E005C0054004900540041004E00440041005400410042004100530045000000070000006D00610073007400650072000000</Binary></EventData></Event>
54.52.50.48
USERNAME
MSSQL
SuccessfulLogin
---
<Event xmlns="http://schemas.microsoft.com/win/2004/08/events/event"><System><Provider Name="MSSQL$ABCDEFG" /><EventID Qualifiers="49152">18456</EventID><Level>0</Level><Task>4</Task><Keywords>0x90000000000000</Keywords><TimeCreated SystemTime="2023-01-25T11:50:02.897356100Z" /><EventRecordID>35504507</EventRecordID><Channel>Application</Channel><Computer>vnc12345</Computer><Security /></System><EventData><Data>sa</Data><Data>Ursache: Das Kennwort hat nicht mit dem für die Anmeldung angegebenen Kennwort übereingestimmt.</Data><Data> [CLIENT: 31.42.53.77]</Data><Binary>184800000E0000001400000056004D004400330036003500310038005C004A0054004C0057004100570049004D0042004C000000070000006D00610073007400650072000000</Binary></EventData></Event>
31.42.53.77
sa
MSSQL
FailedLogin
---