#
# format:
# xml on one line [newline]
# ip, or x if failure to parse [newline]
# user, can be a user name, or x for no found user [newline]
# source, must have a value or can be x [newline]
# FailedLogin, SuccessfulLogin or None [newline]
# --- [newline]
#
# Windows Filtering Platform connection events (EventID 5152/5156) for DNS traffic to 1.1.1.1.
# These share the audit success/failure Keywords with the RDP login groups but are not login
# events at all, so no group's EventID expression matches and they must be ignored (None).
$file:./TestData/EventViewer/Files/1.1.1.1/1.1.1.1_file1.xml
x
x
x
None
---
$file:./TestData/EventViewer/Files/1.1.1.1/1.1.1.1_file2.xml
x
x
x
None
---
$file:./TestData/EventViewer/Files/1.1.1.1/1.1.1.1_file3.xml
x
x
x
None
---
$file:./TestData/EventViewer/Files/1.1.1.1/1.1.1.1_file4.xml
x
x
x
None
---
$file:./TestData/EventViewer/Files/1.1.1.1/1.1.1.1_file5.xml
x
x
x
None
---
$file:./TestData/EventViewer/Files/1.1.1.1/1.1.1.1_file6.xml
x
x
x
None
---
$file:./TestData/EventViewer/Files/1.1.1.1/1.1.1.1_file7.xml
x
x
x
None
---
$file:./TestData/EventViewer/Files/1.1.1.1/1.1.1.1_file8.xml
x
x
x
None
---
$file:./TestData/EventViewer/Files/1.1.1.1/1.1.1.1_file9.xml
x
x
x
None
---
$file:./TestData/EventViewer/Files/1.1.1.1/1.1.1.1_file10.xml
x
x
x
None
---
$file:./TestData/EventViewer/Files/1.1.1.1/1.1.1.1_file11.xml
x
x
x
None
---
$file:./TestData/EventViewer/Files/1.1.1.1/1.1.1.1_file12.xml
x
x
x
None
---
$file:./TestData/EventViewer/Files/EventViewerInput6.txt
100.1.2.3
MyUser
RDP
SuccessfulLogin
---
$file:./TestData/EventViewer/Files/EventViewerInput5.txt
27.1.2.3
administrator
RDP
FailedLogin
---
$file:./TestData/EventViewer/Files/EventViewerInput4.txt
55.11.1.2
THEUSER
RDP
FailedLogin
---
$file:./TestData/EventViewer/Files/EventViewerInput3.txt
5.15.55.111
Admin
RDP
FailedLogin
---
$file:./TestData/EventViewer/Files/EventViewerInput2.txt
18.19.90.91

RDP
FailedLogin
---
$file:./TestData/EventViewer/Files/EventViewerInput1.txt
110.125.1.22
user1
RDP
FailedLogin
---
<Event xmlns="http://schemas.microsoft.com/win/2004/08/events/event"><System><Provider Name="Microsoft-Windows-Security-Auditing" Guid="{54849625-5478-4994-A5BA-3E3B0328C30D}" /><EventID>4625</EventID><Version>0</Version><Level>0</Level><Task>12544</Task><Opcode>0</Opcode><Keywords>0x8010000000000000</Keywords><TimeCreated SystemTime="2025-09-12T18:38:21.653294900Z" /><EventRecordID>2662066</EventRecordID><Correlation /><Execution ProcessID="756" ThreadID="556" /><Channel>Security</Channel><Computer>QjPbfehgN.spoint.com</Computer><Security /></System><EventData><Data Name="SubjectUserSid">S-1-0-0</Data><Data Name="SubjectUserName">-</Data><Data Name="SubjectDomainName">-</Data><Data Name="SubjectLogonId">0x0</Data><Data Name="TargetUserSid">S-1-0-0</Data><Data Name="TargetUserName">Administrator</Data><Data Name="TargetDomainName"></Data><Data Name="Status">0xc000006d</Data><Data Name="FailureReason">%%2313</Data><Data Name="SubStatus">0xc0000064</Data><Data Name="LogonType">3</Data><Data Name="LogonProcessName">NtLmSsp </Data><Data Name="AuthenticationPackageName">NTLM</Data><Data Name="WorkstationName">B_309</Data><Data Name="TransmittedServices">-</Data><Data Name="LmPackageName">-</Data><Data Name="KeyLength">0</Data><Data Name="ProcessId">0x0</Data><Data Name="ProcessName">-</Data><Data Name="IpAddress">11.23.18.4</Data><Data Name="IpPort">0</Data></EventData></Event>
11.23.18.4
Administrator
RDP
FailedLogin
---
<Event xmlns="http://schemas.microsoft.com/win/2004/08/events/event"><System><Provider Name="Microsoft-Windows-TerminalServices-Gateway" Guid="{4d5ae6a1-c7c8-4e6d-b840-4d8080b42e1b}" /><EventID>200</EventID><Version>0</Version><Level>4</Level><Task>2</Task><Opcode>30</Opcode><Keywords>0x4020000001000000</Keywords><TimeCreated SystemTime="2024-11-06T17:25:40.9886726Z" /><EventRecordID>26463</EventRecordID><Correlation ActivityID="{fb9bcc6c-2afa-4558-8a59-71e851160000}" /><Execution ProcessID="1912" ThreadID="3500" /><Channel>Microsoft-Windows-TerminalServices-Gateway/Operational</Channel><Computer>my.computer.local</Computer><Security UserID="S-1-5-20" /></System><UserData><EventInfo xmlns="aag"><Username>domain\user1</Username><IpAddress>2.3.4.5</IpAddress><AuthType>NTLM</AuthType><Resource></Resource><ConnectionProtocol>HTTP</ConnectionProtocol><ErrorCode>0</ErrorCode></EventInfo></UserData></Event>
2.3.4.5
user1
RDP
SuccessfulLogin
---
<Event xmlns="http://schemas.microsoft.com/win/2004/08/events/event"><System><Provider Name="Microsoft-Windows-Security-Auditing" Guid="{54849625-5478-4994-a5ba-3e3b0328c30d}" /><EventID>4624</EventID><Version>2</Version><Level>0</Level><Task>12544</Task><Opcode>0</Opcode><Keywords>0x8020000000000000</Keywords><TimeCreated SystemTime="2024-10-30T20:47:38.2268891Z" /><EventRecordID>25733169</EventRecordID><Correlation ActivityID="{2a259816-1d3c-0001-f998-252a3c1ddb01}" /><Execution ProcessID="724" ThreadID="5860" /><Channel>Security</Channel><Computer>MyCPU</Computer><Security /></System><EventData><Data Name="SubjectUserSid">S-1-0-0</Data><Data Name="SubjectUserName">-</Data><Data Name="SubjectDomainName">-</Data><Data Name="SubjectLogonId">0x0</Data><Data Name="TargetUserSid">S-1-5-21-2187489938-3058984627-757040018-1787</Data><Data Name="TargetUserName">sadmin</Data><Data Name="TargetDomainName">CD1</Data><Data Name="TargetLogonId">0x2dd254a7</Data><Data Name="LogonType">3</Data><Data Name="LogonProcessName">NtLmSsp</Data><Data Name="AuthenticationPackageName">NTLM</Data><Data Name="WorkstationName">CPU1</Data><Data Name="LogonGuid">{00000000-0000-0000-0000-000000000000}</Data><Data Name="TransmittedServices">-</Data><Data Name="LmPackageName">NTLM V2</Data><Data Name="KeyLength">128</Data><Data Name="ProcessId">0x0</Data><Data Name="ProcessName">-</Data><Data Name="IpAddress">5.5.5.5</Data><Data Name="IpPort">59312</Data><Data Name="ImpersonationLevel">%%1833</Data><Data Name="RestrictedAdminMode">-</Data><Data Name="TargetOutboundUserName">-</Data><Data Name="TargetOutboundDomainName">-</Data><Data Name="VirtualAccount">%%1843</Data><Data Name="TargetLinkedLogonId">0x0</Data><Data Name="ElevatedToken">%%1842</Data></EventData></Event>
5.5.5.5
sadmin
RDP
SuccessfulLogin
---
<Event xmlns="http://schemas.microsoft.com/win/2004/08/events/event"><System><Provider Name="Microsoft-Windows-Security-Auditing" Guid="{54849625-5478-4994-a5ba-3e3b0328c30d}" /><EventID>4624</EventID><Version>2</Version><Level>0</Level><Task>12544</Task><Opcode>0</Opcode><Keywords>0x8020000000000000</Keywords><TimeCreated SystemTime="2024-10-20T18:50:00.428504800Z" /><EventRecordID>58492343</EventRecordID><Correlation ActivityID="{3ebd65fd-19b7-000a-1666-bd3eb719db01}" /><Execution ProcessID="700" ThreadID="8544" /><Channel>Security</Channel><Computer>ns3160954</Computer><Security /></System><EventData><Data Name="SubjectUserSid">S-1-5-18</Data><Data Name="SubjectUserName">CPU12345</Data><Data Name="SubjectDomainName">WORKGROUP</Data><Data Name="SubjectLogonId">0x3e7</Data><Data Name="TargetUserSid">S-1-5-21-3111111-657811124-11111111-1001</Data><Data Name="TargetUserName">XYZ</Data><Data Name="TargetDomainName">DOMAINNAME</Data><Data Name="TargetLogonId">0x5ab3f042</Data><Data Name="LogonType">4</Data><Data Name="LogonProcessName">Advapi</Data><Data Name="AuthenticationPackageName">Negotiate</Data><Data Name="WorkstationName">NS3160954</Data><Data Name="LogonGuid">{00000000-0000-0000-0000-000000000000}</Data><Data Name="TransmittedServices">-</Data><Data Name="LmPackageName">-</Data><Data Name="KeyLength">0</Data><Data Name="ProcessId">0x6a0</Data><Data Name="ProcessName">ntlmssp</Data><Data Name="IpAddress">1.2.3.4</Data><Data Name="IpPort">-</Data><Data Name="ImpersonationLevel">%%1833</Data><Data Name="RestrictedAdminMode">-</Data><Data Name="TargetOutboundUserName">-</Data><Data Name="TargetOutboundDomainName">-</Data><Data Name="VirtualAccount">%%1343</Data><Data Name="TargetLinkedLogonId">0x0</Data><Data Name="ElevatedToken">%%1342</Data></EventData></Event>
1.2.3.4
XYZ
RDP
9999 # 9999 means FailedLogin and SuccessfulLogin
---
<Event xmlns="http://schemas.microsoft.com/win/2004/08/events/event"><System><Provider Name="Microsoft-Windows-Security-Auditing" Guid="{54849625-5478-4994-a5ba-3e3b0328c30d}" /><EventID>4625</EventID><Version>0</Version><Level>0</Level><Task>12544</Task><Opcode>0</Opcode><Keywords>0x8010000000000000</Keywords><TimeCreated SystemTime="2023-10-04T09:12:10.411345300Z" /><EventRecordID>851075</EventRecordID><Correlation ActivityID="{beb440c3-e258-0000-fd40-b4be58e2d901}" /><Execution ProcessID="908" ThreadID="968" /><Channel>Security</Channel><Computer>TheWindows</Computer><Security /></System><EventData><Data Name="SubjectUserSid">S-1-5-19</Data><Data Name="SubjectUserName">LOCAL SERVICE</Data><Data Name="SubjectDomainName">NT AUTHORITY</Data><Data Name="SubjectLogonId">0x3e5</Data><Data Name="TargetUserSid">S-1-0-0</Data><Data Name="TargetUserName">Administrator</Data><Data Name="TargetDomainName">TheWINDOWS</Data><Data Name="Status">0xc000006d</Data><Data Name="FailureReason">%%2313</Data><Data Name="SubStatus">0xc000006a</Data><Data Name="LogonType">8</Data><Data Name="LogonProcessName">Advapi</Data><Data Name="AuthenticationPackageName">Negotiate</Data><Data Name="WorkstationName">TheWINDOWS</Data><Data Name="TransmittedServices">-</Data><Data Name="LmPackageName">-</Data><Data Name="KeyLength">0</Data><Data Name="ProcessId">0xdbc</Data><Data Name="ProcessName">C:\Windows\System32\inetsrv\WMSvc.exe</Data><Data Name="IpAddress">34.33.32.31</Data><Data Name="IpPort">33791</Data></EventData></Event>
34.33.32.31
Administrator
RDP
FailedLogin
---
<Event xmlns="http://schemas.microsoft.com/win/2004/08/events/event"><System><Provider Name="Microsoft-Windows-TerminalServices-LocalSessionManager" Guid="{5d896912-022d-40aa-a3a8-4fa5515c76d7}" /><EventID>25</EventID><Version>0</Version><Level>4</Level><Task>0</Task><Opcode>0</Opcode><Keywords>0x1000000000000000</Keywords><TimeCreated SystemTime="2024-07-29T14:46:15.1643635Z" /><EventRecordID>22666</EventRecordID><Correlation ActivityID="{f420aeab-a084-43d7-90e4-8da43a060000}" /><Execution ProcessID="1136" ThreadID="15364" /><Channel>Microsoft-Windows-TerminalServices-LocalSessionManager/Operational</Channel><Computer>emachine28</Computer><Security UserID="S-1-5-18" /></System><UserData><EventXML xmlns="Event_NS"><User>CORP-IT\user.bob</User><SessionID>24</SessionID><Address>20.30.20.30</Address></EventXML></UserData></Event>
20.30.20.30
user.bob
RDP
SuccessfulLogin
---
<Event xmlns="http://schemas.microsoft.com/win/2004/08/events/event"><System><Provider Name="RemoteAccess" /><EventID Qualifiers="0">20271</EventID><Level>3</Level><Task>0</Task><Keywords>0x80000000000000</Keywords><TimeCreated SystemTime="2024-06-18T14:41:36.317952200Z" /><EventRecordID>423380</EventRecordID><Channel>System</Channel><Computer>BIGCPU1</Computer><Security /></System><EventData><Data>{AC09A421-BFB0-0007-50C4-2BACB0BFDA01}</Data><Data>UZER12</Data><Data>5.10.15.20</Data><Data>The connection was prevented because of a policy configured on your RAS/VPN server. Specifically, the authentication method used by the server to verify your username and password may not match the authentication method configured in your connection profile. Please contact the Administrator of the RAS server and notify them of this error.</Data><Data>0x70</Data><Binary>2C030000</Binary></EventData></Event>
5.10.15.20
UZER12
RRAS
FailedLogin
---
<Event xmlns="http://schemas.microsoft.com/win/2004/08/events/event"><System><Provider Name="Microsoft-Windows-Security-Auditing" Guid="{54849625-5478-4994-a5ba-3e3b0328c30d}" /><EventID>4624</EventID><Version>1</Version><Level>0</Level><Task>12544</Task><Opcode>0</Opcode><Keywords>0x8020000000000000</Keywords><TimeCreated SystemTime="2024-05-07T02:26:42.4265359Z" /><EventRecordID>40836627</EventRecordID><Correlation /><Execution ProcessID="676" ThreadID="848" /><Channel>Security</Channel><Computer>vm1.ca</Computer><Security /></System><EventData><Data Name="SubjectUserSid">S-1-5-18</Data><Data Name="SubjectUserName">suser1</Data><Data Name="SubjectDomainName">WORKGROUP</Data><Data Name="SubjectLogonId">0x3e7</Data><Data Name="TargetUserSid">S-1-5-21-1177279303-949486707-1478838325-1067</Data><Data Name="TargetUserName">user123456</Data><Data Name="TargetDomainName">DOMAIN1</Data><Data Name="TargetLogonId">0x1eba563</Data><Data Name="LogonType">8</Data><Data Name="LogonProcessName">Advapi</Data><Data Name="AuthenticationPackageName">Negotiate</Data><Data Name="WorkstationName">CPU1</Data><Data Name="LogonGuid">{00000000-0000-0000-0000-000000000000}</Data><Data Name="TransmittedServices">-</Data><Data Name="LmPackageName">-</Data><Data Name="KeyLength">0</Data><Data Name="ProcessId">0x4c0</Data><Data Name="ProcessName">C:\Windows\System32\svchost.exe</Data><Data Name="IpAddress">-</Data><Data Name="IpPort">-</Data><Data Name="ImpersonationLevel">%%1833</Data></EventData></Event>
x
x
x
None
---
<Event xmlns="http://schemas.microsoft.com/win/2004/08/events/event"><System><Provider Name="MSSQLSERVER" /><EventID Qualifiers="49152">18456</EventID><Version>0</Version><Level>0</Level><Task>4</Task><Opcode>0</Opcode><Keywords>0x90000000000000</Keywords><TimeCreated SystemTime="2024-01-04T16:06:58.9357365Z" /><EventRecordID>10899</EventRecordID><Correlation /><Execution ProcessID="0" ThreadID="0" /><Channel>Application</Channel><Computer>REDACTED</Computer><Security /></System><EventData><Data>vice</Data><Data> Reason: Could not find a login matching the name provided.</Data><Data> [CLIENT: 92.94.91.95]</Data><Binary>184800000E0000000D00000076006D00630069007300730071006C0064006200300031000000070000006D00610073007400650072000000</Binary></EventData></Event>
92.94.91.95
vice
MSSQL
FailedLogin
---
<Event xmlns="http://schemas.microsoft.com/win/2004/08/events/event"><System><Provider Name="Microsoft-Windows-Security-Auditing" Guid="{54849625-5478-4994-a5ba-3e3b0328c30d}" /><EventID>6273</EventID><Version>2</Version><Level>0</Level><Task>12552</Task><Opcode>0</Opcode><Keywords>0x8010000000000000</Keywords><TimeCreated SystemTime="2023-12-20T21:58:58.530303500Z" /><EventRecordID>54246763</EventRecordID><Correlation ActivityID="{5fcf3806-a56a-4a4e-bf50-2bde9124e3bc}" /><Execution ProcessID="680" ThreadID="5044" /><Channel>Security</Channel><Computer>MYCOMPUTER1</Computer><Security /></System><EventData><Data Name="SubjectUserSid">S-1-0-0</Data><Data Name="SubjectUserName">audit</Data><Data Name="SubjectDomainName">DOMAIN</Data><Data Name="FullyQualifiedSubjectUserName">DOMAIN\audit</Data><Data Name="SubjectMachineSID">S-1-0-0</Data><Data Name="SubjectMachineName">-</Data><Data Name="FullyQualifiedSubjectMachineName">-</Data><Data Name="CalledStationID">-</Data><Data Name="CallingStationID">198.1.2.3</Data><Data Name="NASIPv4Address">-</Data><Data Name="NASIPv6Address">-</Data><Data Name="NASIdentifier">IDGroup</Data><Data Name="NASPortType">Virtual</Data><Data Name="NASPort">-</Data><Data Name="ClientName">CLIENTNAME2</Data><Data Name="ClientIPAddress">17.3.4.1</Data><Data Name="ProxyPolicyName">Use Windows authentication for all users</Data><Data Name="NetworkPolicyName">-</Data><Data Name="AuthenticationProvider">Windows</Data><Data Name="AuthenticationServer">SRV1</Data><Data Name="AuthenticationType">Extension</Data><Data Name="EAPType">-</Data><Data Name="AccountSessionIdentifier">3534376162633535</Data><Data Name="ReasonCode">21</Data><Data Name="Reason">An NPS extension dynamic link library (DLL) that is installed on the NPS server rejected the connection request.</Data><Data Name="LoggingResult">Accounting information was written to the local log file.</Data></EventData></Event>
17.3.4.1

RDP
FailedLogin
---
<Event xmlns="http://schemas.microsoft.com/win/2004/08/events/event"><System><Provider Name="Microsoft-Windows-Security-Auditing" Guid="{54849625-5478-4994-A5BA-3E3B0328C30D}" /><EventID>4625</EventID><Version>0</Version><Level>0</Level><Task>12544</Task><Opcode>0</Opcode><Keywords>0x8010000000000000</Keywords><TimeCreated SystemTime="2023-07-25T18:42:33.719923200Z" /><EventRecordID>12356811</EventRecordID><Correlation ActivityID="{60A08FAA-AB46-0004-AB8F-A06046ABD901}" /><Execution ProcessID="708" ThreadID="8792" /><Channel>Security</Channel><Computer>vmi1147594</Computer><Security /></System><EventData><Data Name="SubjectUserSid">S-1-5-18</Data><Data Name="SubjectUserName">User145</Data><Data Name="SubjectDomainName">WORKGROUP</Data><Data Name="SubjectLogonId">0x3e7</Data><Data Name="TargetUserSid">S-1-0-0</Data><Data Name="TargetUserName">USER145</Data><Data Name="TargetDomainName">CPU123</Data><Data Name="Status">0xc000006d</Data><Data Name="FailureReason">%%2313</Data><Data Name="SubStatus">0xc0000064</Data><Data Name="LogonType">10</Data><Data Name="LogonProcessName">User32 </Data><Data Name="AuthenticationPackageName">Negotiate</Data><Data Name="WorkstationName">CPU123</Data><Data Name="TransmittedServices">-</Data><Data Name="LmPackageName">-</Data><Data Name="KeyLength">0</Data><Data Name="ProcessId">0x48c</Data><Data Name="ProcessName">C:\Windows\System32\svchost.exe</Data><Data Name="IpAddress">1.11.3.4</Data><Data Name="IpPort">0</Data></EventData></Event>
1.11.3.4
USER145
RDP
FailedLogin
---
<Event xmlns="http://schemas.microsoft.com/win/2004/08/events/event"><System><Provider Name="Microsoft-Windows-Security-Auditing" Guid="{54849625-5478-4994-a5ba-3e3b0328c30d}" /><EventID>4624</EventID><Version>2</Version><Level>0</Level><Task>12544</Task><Opcode>0</Opcode><Keywords>0x8020000000000000</Keywords><TimeCreated SystemTime="2023-05-26T20:45:24.6029658Z" /><EventRecordID>37860</EventRecordID><Correlation ActivityID="{0977a4e6-83d6-0002-3ba5-7709d683d901}" /><Execution ProcessID="952" ThreadID="820" /><Channel>Security</Channel><Computer>RSERVER</Computer><Security /></System><EventData><Data Name="SubjectUserSid">S-1-0-0</Data><Data Name="SubjectUserName">-</Data><Data Name="SubjectDomainName">-</Data><Data Name="SubjectLogonId">0x0</Data><Data Name="TargetUserSid">S-1-5-7</Data><Data Name="TargetUserName">ANONYMOUS-ANMELDUNG</Data><Data Name="TargetDomainName">WORKGROUP</Data><Data Name="TargetLogonId">0x1a865191</Data><Data Name="LogonType">3</Data><Data Name="LogonProcessName">NtLmSsp</Data><Data Name="AuthenticationPackageName">NTLM</Data><Data Name="WorkstationName">WINDOWS</Data><Data Name="LogonGuid">{00000000-0000-0000-0000-000000000000}</Data><Data Name="TransmittedServices">-</Data><Data Name="LmPackageName">NTLM V1</Data><Data Name="KeyLength">128</Data><Data Name="ProcessId">0x0</Data><Data Name="ProcessName">-</Data><Data Name="IpAddress">63.59.58.57</Data><Data Name="IpPort">35462</Data><Data Name="ImpersonationLevel">%%1833</Data><Data Name="RestrictedAdminMode">-</Data><Data Name="TargetOutboundUserName">-</Data><Data Name="TargetOutboundDomainName">-</Data><Data Name="VirtualAccount">%%1843</Data><Data Name="TargetLinkedLogonId">0x0</Data><Data Name="ElevatedToken">%%1843</Data></EventData></Event>
63.59.58.57
ANONYMOUS-ANMELDUNG
RDP
None
---
<Event xmlns="http://schemas.microsoft.com/win/2004/08/events/event"><System><Provider Name="sshd" /><EventID Qualifiers="0">0</EventID><Level>4</Level><Task>0</Task><Keywords>0x80000000000000</Keywords><TimeCreated SystemTime="2023-05-17T06:02:25.377809500Z" /><EventRecordID>1236392</EventRecordID><Channel>Application</Channel><Computer>DOP-Aspera-VM</Computer><Security UserID="S-1-5-21-3323323287-3975095426-875065495-1001" /></System><EventData><Data>sshd: PID 50650: Invalid user root from 6.3.2.1 port 42786</Data></EventData></Event>
6.3.2.1
root
SSH
FailedLogin
---
<Event xmlns="http://schemas.microsoft.com/win/2004/08/events/event"><System><Provider Name="Microsoft-Windows-Security-Auditing" Guid="{54849625-5478-4994-a5ba-3e3b0328c30d}" /><EventID>4625</EventID><Version>0</Version><Level>0</Level><Task>12544</Task><Opcode>0</Opcode><Keywords>0x8010000000000000</Keywords><TimeCreated SystemTime="2023-04-04T09:53:58.7684191Z" /><EventRecordID>35773631</EventRecordID><Correlation ActivityID="{980cd362-667a-0001-ddd3-0c987a66d901}" /><Execution ProcessID="1008" ThreadID="15396" /><Channel>Security</Channel><Computer>YourComputerHere</Computer><Security /></System><EventData><Data Name="SubjectUserSid">S-1-0-0</Data><Data Name="SubjectUserName">-</Data><Data Name="SubjectDomainName">-</Data><Data Name="SubjectLogonId">0x0</Data><Data Name="TargetUserSid">S-1-0-0</Data><Data Name="TargetUserName">Administrator123</Data><Data Name="TargetDomainName"></Data><Data Name="Status">0xc000006d</Data><Data Name="FailureReason">%%2313</Data><Data Name="SubStatus">0xc000006a</Data><Data Name="LogonType">3</Data><Data Name="LogonProcessName">NtLmSsp</Data><Data Name="AuthenticationPackageName">NTLM</Data><Data Name="WorkstationName">workstation</Data><Data Name="TransmittedServices">-</Data><Data Name="LmPackageName">-</Data><Data Name="KeyLength">0</Data><Data Name="ProcessId">0x0</Data><Data Name="ProcessName">-</Data><Data Name="IpAddress">203.204.205.206</Data><Data Name="IpPort">0</Data></EventData></Event>
203.204.205.206
Administrator123
RDP
FailedLogin
---
<Event xmlns="http://schemas.microsoft.com/win/2004/08/events/event"><System><Provider Name="Microsoft-Windows-Security-Auditing" Guid="{54849625-5478-4994-a5ba-3e3b0328c30d}" /><EventID>4625</EventID><Version>0</Version><Level>0</Level><Task>12544</Task><Opcode>0</Opcode><Keywords>0x8010000000000000</Keywords><TimeCreated SystemTime="2023-04-04T16:57:13.8876768Z" /><EventRecordID>35797896</EventRecordID><Correlation ActivityID="{5fb31027-6710-0001-aa10-b35f1067d901}" /><Execution ProcessID="336" ThreadID="9976" /><Channel>Security</Channel><Computer>YourComputerHere</Computer><Security /></System><EventData><Data Name="SubjectUserSid">S-1-0-0</Data><Data Name="SubjectUserName">-</Data><Data Name="SubjectDomainName">-</Data><Data Name="SubjectLogonId">0x0</Data><Data Name="TargetUserSid">S-1-0-0</Data><Data Name="TargetUserName">tuser1</Data><Data Name="TargetDomainName"></Data><Data Name="Status">0xc000006d</Data><Data Name="FailureReason">%%2313</Data><Data Name="SubStatus">0xc0000064</Data><Data Name="LogonType">3</Data><Data Name="LogonProcessName">NtLmSsp </Data><Data Name="AuthenticationPackageName">NTLM</Data><Data Name="WorkstationName">WIN-123</Data><Data Name="TransmittedServices">-</Data><Data Name="LmPackageName">-</Data><Data Name="KeyLength">0</Data><Data Name="ProcessId">0x0</Data><Data Name="ProcessName">-</Data><Data Name="IpAddress">61.62.63.68</Data><Data Name="IpPort">0</Data></EventData></Event>
61.62.63.68
tuser1
RDP
FailedLogin
---
<Event xmlns='http://schemas.microsoft.com/win/2004/08/events/event'><System><Provider Name='MSSQL$SQLEXPRESS' /><EventID Qualifiers='49152'>18456</EventID><Level>0</Level><Task>4</Task><Keywords>0x90000000000000</Keywords><TimeCreated SystemTime='2022-01-20T06:27:10.969710200Z' /><EventRecordID>90864</EventRecordID><Channel>Application</Channel><Computer>a-b-123</Computer><Security /></System><EventData><Data>asdf</Data><Data>Reason: Could not find a login matching the name provided.</Data><Data>[CLIENT: 55.52.51.50]</Data><Binary>184800000E0000001B0000004800570043002D004800570050002D0034003600350035003400370030005C00530051004C0045005800500052004500530053000000070000006D00610073007400650072000000</Binary></EventData></Event>
55.52.51.50
asdf
MSSQL
FailedLogin
---
<Event xmlns='http://schemas.microsoft.com/win/2004/08/events/event'><System><Provider Name='Microsoft-Windows-Security-Auditing' Guid='{54849625-5478-4994-a5ba-3e3b0328c30d}' /><EventID>4624</EventID><Version>2</Version><Level>0</Level><Task>12544</Task><Opcode>0</Opcode><Keywords>0x8020000000000000</Keywords><TimeCreated SystemTime='2021-12-15T07:16:01.778994300Z' /><EventRecordID>78774</EventRecordID><Correlation ActivityID='{a690d8ff-0cda-0001-9dc0-803f0af0d701}' /><Execution ProcessID='784' ThreadID='7440' /><Channel>Security</Channel><Computer>mycpu</Computer><Security /></System><EventData><Data Name='SubjectUserSid'>S-1-0-0</Data><Data Name='SubjectUserName'>-</Data><Data Name='SubjectDomainName'>-</Data><Data Name='SubjectLogonId'>0x0</Data><Data Name='TargetUserSid'>S-1-5-21-79270238-3345194075-2850264514-1947</Data><Data Name='TargetUserName'>z123</Data><Data Name='TargetDomainName'>PROCO</Data><Data Name='TargetLogonId'>0x3417542</Data><Data Name='LogonType'>3</Data><Data Name='LogonProcessName'>NtLmSsp</Data><Data Name='AuthenticationPackageName'>NTLM</Data><Data Name='WorkstationName'>DESKTOP-QNKQ35J</Data><Data Name='LogonGuid'>{00000000-0000-0000-0000-000000000000}</Data><Data Name='TransmittedServices'>-</Data><Data Name='LmPackageName'>NTLM V2</Data><Data Name='KeyLength'>128</Data><Data Name='ProcessId'>0x0</Data><Data Name='ProcessName'>-</Data><Data Name='IpAddress'>6.67.3.10</Data><Data Name='IpPort'>52016</Data><Data Name='ImpersonationLevel'>%%1833</Data><Data Name='RestrictedAdminMode'>-</Data><Data Name='TargetOutboundUserName'>-</Data><Data Name='TargetOutboundDomainName'>-</Data><Data Name='VirtualAccount'>%%1843</Data><Data Name='TargetLinkedLogonId'>0x0</Data><Data Name='ElevatedToken'>%%1843</Data></EventData></Event>
6.67.3.10
z123
RDP
SuccessfulLogin
---
<Event xmlns='http://schemas.microsoft.com/win/2004/08/events/event'><System><Provider Name='Microsoft-Windows-RemoteDesktopServices-RdpCoreTS' Guid='{1139C61B-B549-4251-8ED3-27250A1EDEC8}'/><EventID>140</EventID><Version>0</Version><Level>3</Level><Task>4</Task><Opcode>14</Opcode><Keywords>0x4000000000000000</Keywords><TimeCreated SystemTime='2020-05-30T21:35:42.077609500Z'/><EventRecordID>3230629</EventRecordID><Correlation ActivityID='{F4201097-CCED-4F8B-BC9A-6E34FC360000}'/><Execution ProcessID='2084' ThreadID='6188'/><Channel>Microsoft-Windows-RemoteDesktopServices-RdpCoreTS/Operational</Channel><Computer>my.domain.com</Computer><Security UserID='S-1-5-20'/></System><EventData><Data Name='IPString'>212.92.107.115</Data></EventData><RenderingInfo Culture='en-US'><Message>A connection from the client computer with an IP address of 212.92.107.115 failed because the user name or password is not correct.</Message><Level>Warning</Level><Task>RemoteFX module</Task><Opcode>ProtocolExchange</Opcode><Channel>Microsoft-Windows-RemoteDesktopServices-RdpCoreTS/Operational</Channel><Provider></Provider><Keywords></Keywords></RenderingInfo></Event>
212.92.107.115
[nouser]
RDP
FailedLogin
---
<Event xmlns='http://schemas.microsoft.com/win/2004/08/events/event'><System><Provider Name='Microsoft-Windows-Security-Auditing' Guid='{54849625-5478-4994-a5ba-3e3b0328c30d}' /><EventID>4625</EventID><Version>0</Version><Level>0</Level><Task>12544</Task><Opcode>0</Opcode><Keywords>0x8010000000000000</Keywords><TimeCreated SystemTime='2021-04-07T15:59:41.8109921Z' /><EventRecordID>13384143</EventRecordID><Correlation ActivityID='{1be9c669-2b89-0002-9ac6-e91b892bd701}' /><Execution ProcessID='888' ThreadID='9132' /><Channel>Security</Channel><Computer>BF-mymedia</Computer><Security /></System><EventData><Data Name='SubjectUserSid'>S-1-0-0</Data><Data Name='SubjectUserName'>-</Data><Data Name='SubjectDomainName'>-</Data><Data Name='SubjectLogonId'>0x0</Data><Data Name='TargetUserSid'>S-1-0-0</Data><Data Name='TargetUserName'>administrator</Data><Data Name='TargetDomainName'></Data><Data Name='Status'>0xc000006d</Data><Data Name='FailureReason'>%%2313</Data><Data Name='SubStatus'>0xc000006a</Data><Data Name='LogonType'>3</Data><Data Name='LogonProcessName'>NtLmSsp </Data><Data Name='AuthenticationPackageName'>NTLM</Data><Data Name='WorkstationName'>-</Data><Data Name='TransmittedServices'>-</Data><Data Name='LmPackageName'>-</Data><Data Name='KeyLength'>0</Data><Data Name='ProcessId'>0x0</Data><Data Name='ProcessName'>-</Data><Data Name='IpAddress'>41.42.43.44</Data><Data Name='IpPort'>0</Data></EventData></Event>
41.42.43.44
administrator
RDP
FailedLogin
---
<Event xmlns='http://schemas.microsoft.com/win/2004/08/events/event'><System><Provider Name='Microsoft-Windows-Security-Auditing' Guid='{54849625-5478-4994-A5BA-3E3B0328C30D}' /><EventID>4653</EventID><Version>0</Version><Level>0</Level><Task>12547</Task><Opcode>0</Opcode><Keywords>0x8010000000000000</Keywords><TimeCreated SystemTime='2020-07-10T17:20:06.687103300Z' /><EventRecordID>100095994</EventRecordID><Correlation ActivityID='{5108737F-4EB9-0001-8473-0851B94ED601}' /><Execution ProcessID='660' ThreadID='124' /><Channel>Security</Channel><Computer>MYVPN.MYCPU</Computer><Security /></System><EventData><Data Name='LocalMMPrincipalName'>-</Data><Data Name='RemoteMMPrincipalName'>-</Data><Data Name='LocalAddress'>88.88.88.81</Data><Data Name='LocalKeyModPort'>4500</Data><Data Name='RemoteAddress'>88.88.88.82</Data><Data Name='RemoteKeyModPort'>4500</Data><Data Name='KeyModName'>%%8222</Data><Data Name='FailurePoint'>%%8199</Data><Data Name='FailureReason'>Negotiation timed out</Data><Data Name='MMAuthMethod'>%%8194</Data><Data Name='State'>%%8202</Data><Data Name='Role'>%%8205</Data><Data Name='MMImpersonationState'>%%8217</Data><Data Name='MMFilterID'>54919761</Data><Data Name='InitiatorCookie'>db55d3767e51b422</Data><Data Name='ResponderCookie'>0000000000000000</Data></EventData></Event>
88.88.88.82
[nouser]
RDP
FailedLogin
---
<Event xmlns='http://schemas.microsoft.com/win/2004/08/events/event'><System><Provider Name='VisualSVN Server 3.9' /><EventID Qualifiers='0'>1004</EventID><Level>2</Level><Task>2</Task><Keywords>0x80000000000000</Keywords><TimeCreated SystemTime='2020-04-12T19:52:33.000000000Z' /><EventRecordID>134854</EventRecordID><Channel>VisualSVNServer</Channel><Computer>server.domain-net.com</Computer><Security /></System><EventData><Data>user root: (OS 1326) Der Benutzername oder das Kennwort ist falsch.</Data><Data>123.123.123.124</Data></EventData></Event>
123.123.123.124
root
SVN
FailedLogin
---
<Event xmlns='http://schemas.microsoft.com/win/2004/08/events/event'><System><Provider Name='RemoteAccess' /><EventID Qualifiers='0'>20271</EventID><Level>3</Level><Task>0</Task><Keywords>0x80000000000000</Keywords><TimeCreated SystemTime='2020-03-06T11:47:14.000000000Z' /><EventRecordID>440917</EventRecordID><Channel>System</Channel><Computer>server.domain-net.com</Computer><Security /></System><EventData><Data>{NA}</Data><Data>Admin</Data><Data>123.123.123.123</Data><Data>Die Remoteverbindung wurde verweigert, weil die angegebene Kombination aus Benutzername und Kennwort nicht erkannt wird oder das ausgewählte Authentifizierungsprotokoll nicht für den RAS-Server zulässig ist.</Data><Data>0x10</Data><Binary>B3020000</Binary></EventData></Event>
123.123.123.123
Admin
RRAS
FailedLogin
---
<Event xmlns='http://schemas.microsoft.com/win/2004/08/events/event'><System><Provider Name='RemoteAccess' /><EventID Qualifiers='0'>20271</EventID><Level>3</Level><Task>0</Task><Keywords>0x80000000000000</Keywords><TimeCreated SystemTime='2020-03-23T19:40:08.225301000Z' /><EventRecordID>32407</EventRecordID><Channel>System</Channel><Computer>MYCOMPUTER.MYDOMAIN.local</Computer><Security /></System><EventData><Data>{NA}</Data><Data>corinne</Data><Data>11.12.13.15</Data><Data>The remote connection was denied because the user name and password combination you provided is not recognized, or the selected authentication protocol is not permitted on the remote access server.</Data><Data>0x10</Data><Binary>B3020000</Binary></EventData></Event>
11.12.13.15
corinne
RRAS
FailedLogin
---
<Event xmlns='http://schemas.microsoft.com/win/2004/08/events/event'><System><Provider Name='Microsoft-Windows-Security-Auditing' Guid='{54849625-5478-4994-A5BA-3E3B0328C30D}' /><EventID>6272</EventID><Version>1</Version><Level>0</Level><Task>12552</Task><Opcode>0</Opcode><Keywords>0x8020000000000000</Keywords><TimeCreated SystemTime='2019-12-13T19:48:39.420098200Z' /><EventRecordID>276341076</EventRecordID><Correlation /><Execution ProcessID='616' ThreadID='3956' /><Channel>Security</Channel><Computer>MYSUBDOMAIN.MYDOMAIN.local</Computer><Security /></System><EventData><Data Name='SubjectUserSid'>S-1-5-21-2216450734-2288107589-99135520-4696</Data><Data Name='SubjectUserName'>mydomain\username</Data><Data Name='SubjectDomainName'>L1S</Data><Data Name='FullyQualifiedSubjectUserName'>MYSUBDOMAIN.MYDOMAIN.local/username</Data><Data Name='SubjectMachineSID'>S-1-0-0</Data><Data Name='SubjectMachineName'>-</Data><Data Name='FullyQualifiedSubjectMachineName'>-</Data><Data Name='MachineInventory'>-</Data><Data Name='CalledStationID'>192.168.21.49</Data><Data Name='CallingStationID'>98.196.175.165</Data><Data Name='NASIPv4Address'>192.168.21.49</Data><Data Name='NASIPv6Address'>-</Data><Data Name='NASIdentifier'>nasid</Data><Data Name='NASPortType'>Virtual</Data><Data Name='NASPort'>7</Data><Data Name='ClientName'>clientname</Data><Data Name='ClientIPAddress'>192.168.21.49</Data><Data Name='ProxyPolicyName'>Microsoft Routing and Remote Access Service Policy</Data><Data Name='NetworkPolicyName'>PolicyCorp</Data><Data Name='AuthenticationProvider'>Windows</Data><Data Name='AuthenticationServer'>MYSUBDOMAIN.MYDOMAIN.local</Data><Data Name='AuthenticationType'>EAP</Data><Data Name='EAPType'>Microsoft: Secured password (EAP-MSCHAP v2)</Data><Data Name='AccountSessionIdentifier'>353238</Data><Data Name='QuarantineState'>Full Access</Data><Data Name='QuarantineSessionIdentifier'>-</Data><Data Name='LoggingResult'>Accounting information was written to the local log file.</Data></EventData></Event>
98.196.175.165
username
RRAS
SuccessfulLogin
---
<Event xmlns='http://schemas.microsoft.com/win/2004/08/events/event'><System><Provider Name='MSSQL$SERVER' /><EventID Qualifiers='49152'>18456</EventID><Level>0</Level><Task>4</Task><Keywords>0x90000000000000</Keywords><TimeCreated SystemTime='2020-04-16T13:56:01.660102100Z' /><EventRecordID>24234250</EventRecordID><Channel>Application</Channel><Computer>CPU1</Computer><Security /></System><EventData><Data>sa</Data><Data>Reason: Failed to open the explicitly specified database 'db'.</Data><Data>[CLIENT: 173.10.24.145]</Data><Binary>184800000E00000015000000430065006E0050006F0069006E00740056004D0031005C00430045004E0050004F0049004E0054000000070000006D00610073007400650072000000</Binary></EventData></Event>
x
x
x
None
---
<Event xmlns='http://schemas.microsoft.com/win/2004/08/events/event'><System><Provider Name='Microsoft-Windows-Security-Auditing' Guid='{54849625-5478-4994-A5BA-3E3B0328C30D}'/><EventID>4625</EventID><Version>0</Version><Level>0</Level><Task>12544</Task><Opcode>0</Opcode><Keywords>0x8010000000000000</Keywords><TimeCreated SystemTime='2020-03-04T20:58:52.555949300Z'/><EventRecordID>38600046</EventRecordID><Correlation ActivityID='{75ECDDC3-EDB3-0003-CBDD-EC75B3EDD501}'/><Execution ProcessID='696' ThreadID='4092'/><Channel>Security</Channel><Computer>MYCOMPUTER</Computer><Security/></System><EventData><Data Name='SubjectUserSid'>S-1-0-0</Data><Data Name='SubjectUserName'>-</Data><Data Name='SubjectDomainName'>-</Data><Data Name='SubjectLogonId'>0x0</Data><Data Name='TargetUserSid'>S-1-0-0</Data><Data Name='TargetUserName'>administrator</Data><Data Name='TargetDomainName'></Data><Data Name='Status'>0xc000006d</Data><Data Name='FailureReason'>%%2313</Data><Data Name='SubStatus'>0xc000006a</Data><Data Name='LogonType'>3</Data><Data Name='LogonProcessName'>NtLmSsp </Data><Data Name='AuthenticationPackageName'>NTLM</Data><Data Name='WorkstationName'>-</Data><Data Name='TransmittedServices'>-</Data><Data Name='LmPackageName'>-</Data><Data Name='KeyLength'>0</Data><Data Name='ProcessId'>0x0</Data><Data Name='ProcessName'>-</Data><Data Name='IpAddress'>33.32.31.30</Data><Data Name='IpPort'>51292</Data></EventData></Event>
33.32.31.30
administrator
RDP
FailedLogin
---
<Event xmlns='http://schemas.microsoft.com/win/2004/08/events/event'><System><Provider Name='Microsoft-Windows-Security-Auditing' Guid='{54849625-5478-4994-A5BA-3E3B0328C30D}' /><EventID>4625</EventID><Version>0</Version><Level>0</Level><Task>12544</Task><Opcode>0</Opcode><Keywords>0x8010000000000000</Keywords><TimeCreated SystemTime='2020-04-05T19:12:41.597844900Z' /><EventRecordID>295694367</EventRecordID><Correlation ActivityID='{9EF3A62A-06BB-0005-46A6-F39EBB06D601}' /><Execution ProcessID='728' ThreadID='18912' /><Channel>Security</Channel><Computer>srv-xch03.example.com</Computer><Security /></System><EventData><Data Name='SubjectUserSid'>S-1-5-18</Data><Data Name='SubjectUserName'>SRV-XCH03$</Data><Data Name='SubjectDomainName'>EXAMPLE</Data><Data Name='SubjectLogonId'>0x3e7</Data><Data Name='TargetUserSid'>S-1-0-0</Data><Data Name='TargetUserName'>testuser</Data><Data Name='TargetDomainName'>example.com</Data><Data Name='Status'>0xc000006d</Data><Data Name='FailureReason'>%%2313</Data><Data Name='SubStatus'>0xc0000064</Data><Data Name='LogonType'>8</Data><Data Name='LogonProcessName'>Advapi</Data><Data Name='AuthenticationPackageName'>Negotiate</Data><Data Name='WorkstationName'>SRV-XCH03</Data><Data Name='TransmittedServices'>-</Data><Data Name='LmPackageName'>-</Data><Data Name='KeyLength'>0</Data><Data Name='ProcessId'>0x23b0</Data><Data Name='ProcessName'>C:\Windows\System32\inetsrv\w3wp.exe</Data><Data Name='IpAddress'>21.25.29.33</Data><Data Name='IpPort'>1765</Data></EventData></Event>
21.25.29.33
testuser
IIS
FailedLogin
---
<Event xmlns='http://schemas.microsoft.com/win/2004/08/events/event'><System><Provider Name='MSSQL$INSTANCENAME' /><EventID Qualifiers='49152'>18456</EventID><Level>0</Level><Task>4</Task><Keywords>0x90000000000000</Keywords><TimeCreated SystemTime='2020-03-04T19:40:23.065120000Z' /><EventRecordID>16022222</EventRecordID><Channel>Application</Channel><Computer>MyVM1</Computer><Security /></System><EventData><Data>sa</Data><Data>Reason: Password did not match that for the login provided.</Data><Data>[CLIENT: 2.92.13.221]</Data><Binary>184800000E00000015000000430065006E0050006F0069006E00740056004D0031005C00430045004E0050004F0049004E0054000000070000006D00610073007400650072000000</Binary></EventData></Event>
2.92.13.221
sa
MSSQL
FailedLogin
---
<Event xmlns='http://schemas.microsoft.com/win/2004/08/events/event'><System><Provider Name='Microsoft-Windows-Security-Auditing' Guid='{54849625-5478-4994-a5ba-3e3b0328c30d}' /><EventID>4625</EventID><Version>0</Version><Level>0</Level><Task>12544</Task><Opcode>0</Opcode><Keywords>0x8010000000000000</Keywords><TimeCreated SystemTime='2020-03-04T09:54:40.262696500Z' /><EventRecordID>3588211</EventRecordID><Correlation ActivityID='{8bc80487-e7d1-0002-8a04-c88bd1e7d501}' /><Execution ProcessID='144' ThreadID='1580' /><Channel>Security</Channel><Computer>FAILED_SERVER_NAME</Computer><Security /></System><EventData><Data Name='SubjectUserSid'>S-1-0-0</Data><Data Name='SubjectUserName'>-</Data><Data Name='SubjectDomainName'>-</Data><Data Name='SubjectLogonId'>0x0</Data><Data Name='TargetUserSid'>S-1-0-0</Data><Data Name='TargetUserName'>FAILED_USER_NAME</Data><Data Name='TargetDomainName'>FAILED_DOMAIN_NAME</Data><Data Name='Status'>0xc000006d</Data><Data Name='FailureReason'>%%2313</Data><Data Name='SubStatus'>0xc0000064</Data><Data Name='LogonType'>3</Data><Data Name='LogonProcessName'>NtLmSsp</Data><Data Name='AuthenticationPackageName'>NTLM</Data><Data Name='WorkstationName'>FAILED_WORK_STATION_NAME</Data><Data Name='TransmittedServices'>-</Data><Data Name='LmPackageName'>-</Data><Data Name='KeyLength'>0</Data><Data Name='ProcessId'>0x0</Data><Data Name='ProcessName'>-</Data><Data Name='IpAddress'>101.102.103.104</Data><Data Name='IpPort'>0</Data></EventData></Event>
101.102.103.104
FAILED_USER_NAME
RDP
FailedLogin
---
<Event xmlns='http://schemas.microsoft.com/win/2004/08/events/event'><System><Provider Name='PostgreSQL' /><EventID Qualifiers='0'>0</EventID><Level>4</Level><Task>0</Task><Keywords>0x80000000000000</Keywords><TimeCreated SystemTime='2020-01-26T09:49:25.000000000Z' /><EventRecordID>3649448</EventRecordID><Channel>Application</Channel><Computer>COMPUTER_NAME</Computer><Security /></System><EventData><Data>2020-01-26 04:49:25 -05 LOG: conexión recibida: host=33.55.77.99 port=59368</Data></EventData></Event>
33.55.77.99
[nouser]
PostgreSQL
FailedLogin
---
<Event xmlns='http://schemas.microsoft.com/win/2004/08/events/event'><System><Provider Name='Microsoft-Windows-Security-Auditing' Guid='{54849625-5478-4994-A5BA-3E3B0328C30D}' /><EventID>4624</EventID><Version>2</Version><Level>0</Level><Task>12544</Task><Opcode>0</Opcode><Keywords>0x8020000000000000</Keywords><TimeCreated SystemTime='2020-03-02T20:51:32.557777800Z' /><EventRecordID>278832</EventRecordID><Correlation ActivityID='{01CF6159-F0D1-0002-6361-CF01D1F0D501}' /><Execution ProcessID='656' ThreadID='3396' /><Channel>Security</Channel><Computer>Abeilles-SRV.Abeilles.local</Computer><Security /></System><EventData><Data Name='SubjectUserSid'>S-1-5-18</Data><Data Name='SubjectUserName'>ABEILLES-SRV$</Data><Data Name='SubjectDomainName'>ABEILLES</Data><Data Name='SubjectLogonId'>0x3e7</Data><Data Name='TargetUserSid'>S-1-5-21-668249714-2975252900-182073203-500</Data><Data Name='TargetUserName'>administrateur</Data><Data Name='TargetDomainName'>ABEILLES</Data><Data Name='TargetLogonId'>0x2c83b3</Data><Data Name='LogonType'>10</Data><Data Name='LogonProcessName'>User32</Data><Data Name='AuthenticationPackageName'>Negotiate</Data><Data Name='WorkstationName'>ABEILLES-SRV</Data><Data Name='LogonGuid'>{F56C817A-B94F-73E3-E9BE-07A9AFFB8844}</Data><Data Name='TransmittedServices'>-</Data><Data Name='LmPackageName'>-</Data><Data Name='KeyLength'>0</Data><Data Name='ProcessId'>0x4b0</Data><Data Name='ProcessName'>C:\Windows\System32\svchost.exe</Data><Data Name='IpAddress'>74.76.76.76</Data><Data Name='IpPort'>0</Data><Data Name='ImpersonationLevel'>%%1833</Data><Data Name='RestrictedAdminMode'>%%1843</Data><Data Name='TargetOutboundUserName'>-</Data><Data Name='TargetOutboundDomainName'>-</Data><Data Name='VirtualAccount'>%%1843</Data><Data Name='TargetLinkedLogonId'>0x0</Data><Data Name='ElevatedToken'>%%1842</Data></EventData></Event>
74.76.76.76
administrateur
RDP
SuccessfulLogin
---
<Event xmlns='http://schemas.microsoft.com/win/2004/08/events/event'><System><Provider Name='Microsoft-Windows-Security-Auditing' Guid='{54849625-5478-4994-A5BA-3E3B0328C30D}' /><EventID>4624</EventID><Version>1</Version><Level>0</Level><Task>12544</Task><Opcode>0</Opcode><Keywords>0x8020000000000000</Keywords><TimeCreated SystemTime='2019-06-13T14:35:04.718125000Z' /><EventRecordID>14296</EventRecordID><Correlation /><Execution ProcessID='480' ThreadID='7692' /><Channel>Security</Channel><Computer>ns524406</Computer><Security /></System><EventData><Data Name='SubjectUserSid'>S-1-5-18</Data><Data Name='SubjectUserName'>CPU4406$</Data><Data Name='SubjectDomainName'>WORKGROUP</Data><Data Name='SubjectLogonId'>0x3e7</Data><Data Name='TargetUserSid'>S-1-5-21-549477949-4172057549-3284972235-1005</Data><Data Name='TargetUserName'>rdpuser</Data><Data Name='TargetDomainName'>CPU4406</Data><Data Name='TargetLogonId'>0x1d454067</Data><Data Name='LogonType'>10</Data><Data Name='LogonProcessName'>User32</Data><Data Name='AuthenticationPackageName'>Negotiate</Data><Data Name='WorkstationName'>CPU4406</Data><Data Name='LogonGuid'>{00000000-0000-0000-0000-000000000000}</Data><Data Name='TransmittedServices'>-</Data><Data Name='LmPackageName'>-</Data><Data Name='KeyLength'>0</Data><Data Name='ProcessId'>0xc38</Data><Data Name='ProcessName'>C:\Windows\System32\winlogon.exe</Data><Data Name='IpAddress'>44.55.66.77</Data><Data Name='IpPort'>0</Data><Data Name='ImpersonationLevel'>%%1833</Data></EventData></Event>
44.55.66.77
rdpuser
RDP
SuccessfulLogin
---
<Event xmlns='http://schemas.microsoft.com/win/2004/08/events/event'><System><Provider Name='MSSQLSERVER' /><EventID Qualifiers='49152'>18456</EventID><Level>0</Level><Task>4</Task><Keywords>0x90000000000000</Keywords><TimeCreated SystemTime='2018-07-23T05:02:39.000000000Z' /><EventRecordID>3423</EventRecordID><Channel>Application</Channel><Computer>ns524406</Computer><Security /></System><EventData><Data>sa</Data><Data>Reason: An error occurred while evaluating the password.</Data><Data>[CLIENT: 61.62.63.64]</Data><Binary>184800000E000000090000004E0053003500320034003400300036000000070000006D00610073007400650072000000</Binary></EventData></Event>
61.62.63.64
sa
MSSQL
FailedLogin
---
<Event xmlns='http://schemas.microsoft.com/win/2004/08/events/event'><System><Provider Name='Microsoft-Windows-RemoteDesktopServices-RdpCoreTS' Guid='{1139C61B-B549-4251-8ED3-27250A1EDEC8}'/><EventID>139</EventID><Version>0</Version><Level>3</Level><Task>4</Task><Opcode>14</Opcode><Keywords>0x4000000000000000</Keywords><TimeCreated SystemTime='2018-06-26T01:37:02.869748200Z'/><EventRecordID>42406434</EventRecordID><Correlation ActivityID='{F420C8AD-71D8-43BE-86ED-D02442380000}'/><Execution ProcessID='3660' ThreadID='243736'/><Channel>Microsoft-Windows-RemoteDesktopServices-RdpCoreTS/Operational</Channel><Computer>cpu0</Computer><Security UserID='S-1-5-20'/></System><EventData><Data Name='ResultCode'>0x80090302</Data><Data Name='IPString'>185.209.0.22</Data></EventData></Event>
185.209.0.22
[nouser]
RDP
FailedLogin
---
<Event xmlns='http://schemas.microsoft.com/win/2004/08/events/event'><System><Provider Name='Microsoft-Windows-RemoteDesktopServices-RdpCoreTS' Guid='{1139C61B-B549-4251-8ED3-27250A1EDEC8}'/><EventID>131</EventID><Version>0</Version><Level>4</Level><Task>4</Task><Opcode>15</Opcode><Keywords>0x4000000000000000</Keywords><TimeCreated SystemTime='2018-06-26T01:53:56.457887700Z'/><EventRecordID>42406524</EventRecordID><Correlation ActivityID='{F420D573-5248-42DC-BCE2-CBC44FE80000}'/><Execution ProcessID='3660' ThreadID='2708'/><Channel>Microsoft-Windows-RemoteDesktopServices-RdpCoreTS/Operational</Channel><Computer>cpu1</Computer><Security UserID='S-1-5-20'/></System><EventData><Data Name='ConnType'>TCP</Data><Data Name='ClientIP'>66.5.4.3:56461</Data></EventData></Event>
x
x
x
None
---
<Event xmlns='http://schemas.microsoft.com/win/2004/08/events/event'><System><Provider Name='Microsoft-Windows-RemoteDesktopServices-RdpCoreTS' Guid='{1139C61B-B549-4251-8ED3-27250A1EDEC8}'/><EventID>131</EventID><Version>0</Version><Level>4</Level><Task>4</Task><Opcode>15</Opcode><Keywords>0x4000000000000000</Keywords><TimeCreated SystemTime='2018-05-04T01:54:27.116318900Z'/><EventRecordID>2868163</EventRecordID><Correlation ActivityID='{F420C0F6-FAFD-4D94-B102-B3A142DF0000}'/><Execution ProcessID='1928' ThreadID='2100'/><Channel>Microsoft-Windows-RemoteDesktopServices-RdpCoreTS/Operational</Channel><Computer>KAU-HOST-03</Computer><Security UserID='S-1-5-20'/></System><EventData><Data Name='ConnType'>TCP</Data><Data Name='ClientIP'>203.171.54.90:54511</Data></EventData></Event>
x
x
x
None
---
<Event xmlns='http://schemas.microsoft.com/win/2004/08/events/event'><System><Provider Name='ASP.NET 2.0.50727.0'/><EventID Qualifiers='32768'>1309</EventID><Level>3</Level><Task>3</Task><Keywords>0x80000000000000</Keywords><TimeCreated SystemTime='2014-07-10T23:37:57.000Z'/><EventRecordID>196334166</EventRecordID><Channel>Application</Channel><Computer>SERVIDOR</Computer><Security/></System><EventData><Data>3005</Data><Data>Excepci?n no controlada.</Data><Data>11/07/2014 1:37:57</Data><Data>10/07/2014 23:37:57</Data><Data>2b4bdc4736fe40f9af42fce697b8acc7</Data><Data>9</Data><Data>7</Data><Data>0</Data><Data>/LM/W3SVC/44/ROOT-1-130495088933270000</Data><Data>Full</Data><Data>/</Data><Data>C:\Inetpub\vhosts\cbhermosilla.es\httpdocs\</Data><Data>SERVIDOR</Data><Data></Data><Data>116380</Data><Data>w3wp.exe</Data><Data>SERVIDOR\IWPD_36(cbhermosill)</Data><Data>HttpException</Data><Data>No se pueden validar datos. (le français [lə fʁɑ̃sɛ] ( listen) or la langue française [la lɑ̃ɡ fʁɑ̃sɛz])" + "\x0001" + @"汉语 / 漢語 --:" + "\x0013" + @":--汉语 / 漢語</Data><Data>http://cbhermosilla.es/ScriptResource.axd?d=sdUSoDA_p4m7C8RvW7GhwLy4-JvXN1IcbzfRDWczGaZK4pT_avDiah8wSHZqBBjyvhhqa0cQYI_FWQYwCqlPsA8BsjFn19zRsw08qPt-rkQyZ6ODPVJ_Dp7CuLQKGPn6lQd-SOyyiu0VTTAgMiLVZqD6__M1&amp;t=635057131997880000</Data><Data>/ScriptResource.axd</Data><Data>66.249.76.207</Data><Data></Data><Data>False</Data><Data></Data><Data>SERVIDOR\IWPD_36(cbhermosill)</Data><Data>7</Data><Data>SERVIDOR\IWPD_36(cbhermosill)</Data><Data>False</Data><Data>   en System.Web.Configuration.MachineKeySection.EncryptOrDecryptData(Boolean fEncrypt, Byte[] buf, Byte[] modifier, Int32 start, Int32 length, IVType ivType, Boolean useValidationSymAlgo, Boolean signData) en System.Web.Configuration.MachineKeySection.EncryptOrDecryptData(Boolean fEncrypt, Byte[] buf, Byte[] modifier, Int32 start, Int32 length, IVType ivType, Boolean useValidationSymAlgo) en System.Web.UI.Page.DecryptStringWithIV(String s, IVType ivType) en System.Web.UI.Page.DecryptString(String s)</Data></EventData></Event>
x
x
x
None
